c:\users\qzhang\desktop\tester\quantumentanglement\pol01.dir\release\steppingaction.obj
c:\users\qzhang\desktop\tester\quantumentanglement\pol01.dir\release\stepmaxmessenger.obj
c:\users\qzhang\desktop\tester\quantumentanglement\pol01.dir\release\stepmax.obj
c:\users\qzhang\desktop\tester\quantumentanglement\pol01.dir\release\runaction.obj
c:\users\qzhang\desktop\tester\quantumentanglement\pol01.dir\release\primarygeneratoraction.obj
c:\users\qzhang\desktop\tester\quantumentanglement\pol01.dir\release\physicslistmessenger.obj
c:\users\qzhang\desktop\tester\quantumentanglement\pol01.dir\release\physicslist.obj
c:\users\qzhang\desktop\tester\quantumentanglement\pol01.dir\release\physlistempolarized.obj
c:\users\qzhang\desktop\tester\quantumentanglement\pol01.dir\release\eventaction.obj
c:\users\qzhang\desktop\tester\quantumentanglement\pol01.dir\release\detectormessenger.obj
c:\users\qzhang\desktop\tester\quantumentanglement\pol01.dir\release\detectorconstruction.obj
c:\users\qzhang\desktop\tester\quantumentanglement\pol01.dir\release\pol01.obj
c:\users\qzhang\desktop\tester\buildpol1\cmakefiles\generate.stamp
c:\users\qzhang\desktop\tester\buildpol1\release\pol01.exe
c:\users\qzhang\desktop\tester\buildpol1\release\pol01.pdb
c:\users\qzhang\desktop\tester\quantumentanglement\pol01.dir\release\pol01.tlog\cl.command.1.tlog
c:\users\qzhang\desktop\tester\quantumentanglement\pol01.dir\release\pol01.tlog\cl.read.1.tlog
c:\users\qzhang\desktop\tester\quantumentanglement\pol01.dir\release\pol01.tlog\cl.write.1.tlog
c:\users\qzhang\desktop\tester\quantumentanglement\pol01.dir\release\pol01.tlog\custombuild.command.1.tlog
c:\users\qzhang\desktop\tester\quantumentanglement\pol01.dir\release\pol01.tlog\custombuild.read.1.tlog
c:\users\qzhang\desktop\tester\quantumentanglement\pol01.dir\release\pol01.tlog\custombuild.write.1.tlog
c:\users\qzhang\desktop\tester\quantumentanglement\pol01.dir\release\pol01.tlog\link.command.1.tlog
c:\users\qzhang\desktop\tester\quantumentanglement\pol01.dir\release\pol01.tlog\link.read.1.tlog
c:\users\qzhang\desktop\tester\quantumentanglement\pol01.dir\release\pol01.tlog\link.write.1.tlog
