c:\users\qzhang\desktop\buildpol1\pol01.dir\debug\vc140.pdb
c:\users\qzhang\desktop\buildpol1\pol01.dir\debug\steppingaction.obj
c:\users\qzhang\desktop\buildpol1\pol01.dir\debug\stepmaxmessenger.obj
c:\users\qzhang\desktop\buildpol1\pol01.dir\debug\stepmax.obj
c:\users\qzhang\desktop\buildpol1\pol01.dir\debug\runaction.obj
c:\users\qzhang\desktop\buildpol1\pol01.dir\debug\primarygeneratoraction.obj
c:\users\qzhang\desktop\buildpol1\pol01.dir\debug\physicslistmessenger.obj
c:\users\qzhang\desktop\buildpol1\pol01.dir\debug\physicslist.obj
c:\users\qzhang\desktop\buildpol1\pol01.dir\debug\physlistempolarized.obj
c:\users\qzhang\desktop\buildpol1\pol01.dir\debug\eventaction.obj
c:\users\qzhang\desktop\buildpol1\pol01.dir\debug\detectormessenger.obj
c:\users\qzhang\desktop\buildpol1\pol01.dir\debug\detectorconstruction.obj
c:\users\qzhang\desktop\buildpol1\pol01.dir\debug\pol01.obj
c:\users\qzhang\desktop\buildpol1\cmakefiles\generate.stamp
c:\users\qzhang\desktop\buildpol1\debug\pol01.ilk
c:\users\qzhang\desktop\buildpol1\debug\pol01.exe
c:\users\qzhang\desktop\buildpol1\debug\pol01.pdb
c:\users\qzhang\desktop\buildpol1\pol01.dir\debug\pol01.tlog\cl.command.1.tlog
c:\users\qzhang\desktop\buildpol1\pol01.dir\debug\pol01.tlog\cl.read.1.tlog
c:\users\qzhang\desktop\buildpol1\pol01.dir\debug\pol01.tlog\cl.write.1.tlog
c:\users\qzhang\desktop\buildpol1\pol01.dir\debug\pol01.tlog\custombuild.command.1.tlog
c:\users\qzhang\desktop\buildpol1\pol01.dir\debug\pol01.tlog\custombuild.read.1.tlog
c:\users\qzhang\desktop\buildpol1\pol01.dir\debug\pol01.tlog\custombuild.write.1.tlog
c:\users\qzhang\desktop\buildpol1\pol01.dir\debug\pol01.tlog\link.command.1.tlog
c:\users\qzhang\desktop\buildpol1\pol01.dir\debug\pol01.tlog\link.read.1.tlog
c:\users\qzhang\desktop\buildpol1\pol01.dir\debug\pol01.tlog\link.write.1.tlog
